{ lat: 42.8,
  lon: -73.92,
  timezone: 'America/New_York',
  timezone_offset: -18000,
  current:
   { dt: 1642044564,
     sunrise: 1641990282,
     sunset: 1642023773,
     temp: 28.22,
     feels_like: 28.22,
     pressure: 1017,
     humidity: 71,
     dew_point: 20.97,
     uvi: 0,
     clouds: 100,
     visibility: 10000,
     wind_speed: 1.01,
     wind_deg: 154,
     wind_gust: 5.01,
     weather: [ [Object] ] },
  daily:
   [ { dt: 1642006800,
       sunrise: 1641990282,
       sunset: 1642023773,
       moonrise: 1642009620,
       moonset: 1641973560,
       moon_phase: 0.34,
       temp: [Object],
       feels_like: [Object],
       pressure: 1017,
       humidity: 56,
       dew_point: 15.85,
       wind_speed: 9.26,
       wind_deg: 168,
       wind_gust: 21.32,
       weather: [Array],
       clouds: 94,
       pop: 0.03,
       uvi: 1.24 },
     { dt: 1642093200,
       sunrise: 1642076659,
       sunset: 1642110241,
       moonrise: 1642097820,
       moonset: 1642063740,
       moon_phase: 0.37,
       temp: [Object],
       feels_like: [Object],
       pressure: 1015,
       humidity: 75,
       dew_point: 29.05,
       wind_speed: 3.31,
       wind_deg: 169,
       wind_gust: 6.8,
       weather: [Array],
       clouds: 85,
       pop: 0.03,
       uvi: 1.17 },
     { dt: 1642179600,
       sunrise: 1642163033,
       sunset: 1642196711,
       moonrise: 1642186380,
       moonset: 1642153860,
       moon_phase: 0.4,
       temp: [Object],
       feels_like: [Object],
       pressure: 1013,
       humidity: 76,
       dew_point: 22.39,
       wind_speed: 12.88,
       wind_deg: 25,
       wind_gust: 27.38,
       weather: [Array],
       clouds: 100,
       pop: 0.35,
       snow: 0.43,
       uvi: 0.8 },
     { dt: 1642266000,
       sunrise: 1642249406,
       sunset: 1642283181,
       moonrise: 1642275300,
       moonset: 1642243800,
       moon_phase: 0.43,
       temp: [Object],
       feels_like: [Object],
       pressure: 1026,
       humidity: 44,
       dew_point: -10.46,
       wind_speed: 8.75,
       wind_deg: 6,
       wind_gust: 17.13,
       weather: [Array],
       clouds: 78,
       pop: 0,
       uvi: 1.19 },
     { dt: 1642352400,
       sunrise: 1642335776,
       sunset: 1642369653,
       moonrise: 1642364760,
       moonset: 1642333380,
       moon_phase: 0.46,
       temp: [Object],
       feels_like: [Object],
       pressure: 1028,
       humidity: 39,
       dew_point: -5.37,
       wind_speed: 7.52,
       wind_deg: 95,
       wind_gust: 22.26,
       weather: [Array],
       clouds: 6,
       pop: 0.47,
       snow: 0.25,
       uvi: 1.28 },
     { dt: 1642438800,
       sunrise: 1642422144,
       sunset: 1642456125,
       moonrise: 1642454580,
       moonset: 1642422660,
       moon_phase: 0.5,
       temp: [Object],
       feels_like: [Object],
       pressure: 983,
       humidity: 93,
       dew_point: 31.68,
       wind_speed: 15.66,
       wind_deg: 266,
       wind_gust: 42.66,
       weather: [Array],
       clouds: 100,
       pop: 1,
       rain: 3.5,
       snow: 17.86,
       uvi: 2 },
     { dt: 1642525200,
       sunrise: 1642508510,
       sunset: 1642542598,
       moonrise: 1642544760,
       moonset: 1642511460,
       moon_phase: 0.52,
       temp: [Object],
       feels_like: [Object],
       pressure: 1012,
       humidity: 76,
       dew_point: 13.59,
       wind_speed: 14.05,
       wind_deg: 292,
       wind_gust: 32.77,
       weather: [Array],
       clouds: 92,
       pop: 0.01,
       uvi: 2 },
     { dt: 1642611600,
       sunrise: 1642594874,
       sunset: 1642629073,
       moonrise: 1642635060,
       moonset: 1642599900,
       moon_phase: 0.55,
       temp: [Object],
       feels_like: [Object],
       pressure: 1009,
       humidity: 90,
       dew_point: 29.07,
       wind_speed: 9.62,
       wind_deg: 178,
       wind_gust: 25.1,
       weather: [Array],
       clouds: 100,
       pop: 0.75,
       rain: 1.79,
       snow: 1.95,
       uvi: 2 } ] }
